C51 COMPILER V7.06   DELAY                                                                 01/16/2017 13:29:39 PAGE 1   


C51 COMPILER V7.06, COMPILATION OF MODULE DELAY
OBJECT MODULE PLACED IN Delay.obj
COMPILER INVOKED BY: C:\Keil\C51\BIN\C51.EXE lib\Delay.c LARGE BROWSE INCDIR(.\lib) DEBUG OBJECTEXTEND PRINT(.\Delay.lst
                    -) TABS(2) OBJECT(Delay.obj)

stmt level    source

   1          #include"Delay.h"
   2          
   3          
   4          /*---------------------------------------------------------------------
   5           功能描述: 微秒延时
   6           参数说明: 无
   7           函数返回: 无
   8           ---------------------------------------------------------------------*/
   9          vid delay_us(vid)
*** ERROR C129 IN LINE 9 OF LIB\DELAY.C: missing ';' before 'delay_us'
  10          { 
  11            _nop_();
  12            _nop_(); 
  13            _nop_(); 
  14            _nop_(); 
  15          }
  16          
  17          
  18          /*---------------------------------------------------------------------
  19           功能描述: 毫秒延时
  20           参数说明: 无
  21           函数返回: 无
  22           ---------------------------------------------------------------------*/
  23          vid delay_ms(unsigned int ms)
  24          {                         
  25            unsigned int a;
  26            while(ms)
  27            {
  28              a=1800;
  29              while(a--);
  30              ms--;
  31            }
  32            return;
  33          }
  34          
  35          void Delay100ms()   //@11.0592MHz
  36          {
  37          unsigned char i, j, k;
  38          
  39            _nop_();
  40            _nop_();
  41            i = 5;
  42            j = 52;
  43            k = 195;
  44            do
  45            {
  46              do
  47              {
  48                while (--k);
  49              } while (--j);
  50            } while (--i);
  51          }
  52          

C51 COMPILATION COMPLETE.  0 WARNING(S),  1 ERROR(S)
