C51 COMPILER V7.06   MAIN                                                                  02/19/2020 11:27:53 PAGE 1   


C51 COMPILER V7.06, COMPILATION OF MODULE MAIN
OBJECT MODULE PLACED IN main.OBJ
COMPILER INVOKED BY: C:\Keil\C51\BIN\C51.EXE main.c COMPACT BROWSE DEBUG OBJECTEXTEND

stmt level    source

   1          #include "stc12c5a60s2.h"
   2          #include <intrins.h>
   3          #include <stdio.h>
   4          #include  "config.h"
   5          #include "delay.h"
   6          #include "uart.h"
   7          #include "oled.h"
   8          #include "bmp.h"
   9          #include "wifi.h"
  10          #include "mlx90614.h"
  11          xdata unsigned char UART2_Rec[150];
  12          xdata unsigned char UART2_len = 0;
  13          extern bit doubleBaud;
  14          extern bit timeMod;
  15          extern uchar RELOAD;
  16          //xdata unsigned char  LCD_linne2[]="                ";
  17          unsigned char  LCD_linne1[] = "                ";
  18          unsigned char  LCD_linne2[] = "                ";
  19          unsigned char  LCD_linne3[] = "                ";
  20          unsigned char  LCD_linne4[] = "                ";
  21          unsigned  int idata js = 0, thisLength;
  22          uchar flag2, tcp;
  23          idata float adc, adcout;
  24          sbit WIFI_Ready = P3 ^ 2;
  25          sbit WIFI_Link = P3 ^ 3;
  26          unsigned int  Tem;         //温度
  27          float objTemp,envTemp;   //物体温度和环境温度
  28          
  29          
  30          void main ( void )
  31          {
  32   1      
  33   1      
  34   1          UART1_Init ( RELOAD, doubleBaud, timeMod );
  35   1          UART2_Init ( RELOAD, doubleBaud, timeMod );
  36   1          OLED_Init();            //初始化OLED
  37   1          OLED_Clear();
  38   1          OLED_DrawBMP ( 0, 0, 127, 7, BMP1 );
  39   1          delay400Ms ();
  40   1          OLED_Clear();
  41   1          // B_LUX_Init();
  42   1       //    WDT_CONTR = 0x3f;
  43   1              OLED_Init();            //初始化OLED
  44   1          OLED_Clear();
  45   1         
  46   1          while ( 1 )
  47   1          {
  48   2      
  49   2                  delay5Ms();
  50   2                  delay5Ms();
  51   2                  delay400Ms;
*** WARNING C275 IN LINE 51 OF MAIN.C: expression with possibly no effect
  52   2      
  53   2      
  54   2      //                      sprintf(dis0,"E: %4.1f'C   ",envTemp);//打印温度值
C51 COMPILER V7.06   MAIN                                                                  02/19/2020 11:27:53 PAGE 2   

  55   2      //                      LCD_Write_String(0,0,dis0);//显示
  56   2      //                      sprintf(dis1,"O:%5.1f'C   %3d  ",objTemp,setNum);//打印温度设置值
  57   2      //                      LCD_Write_String(0,1,dis1);//显示
  58   2      
  59   2                    
  60   2                   
  61   2                  OLED_ShowCHinese ( 0, 0, 0 ); //温
  62   2                  OLED_ShowCHinese ( 16, 0, 1 ); //度
  63   2                  OLED_ShowCHinese ( 32, 0, 2 ); //湿
  64   2                  OLED_ShowCHinese ( 48, 0, 3 ); //度
  65   2                  OLED_ShowCHinese ( 64, 0, 4 ); //氨
  66   2                  OLED_ShowCHinese ( 80, 0, 5 ); //气
  67   2                  OLED_ShowCHinese ( 96, 0, 6 ); //采
  68   2                  OLED_ShowCHinese ( 112, 0, 7 ); //集
  69   2      
  70   2                  //    OLED_ShowString ( 0, 2, LCD_linne1 );
  71   2                              
  72   2              
  73   2                              Tem=ReadEnvironTemp();   //读取环境温度
  74   2                      envTemp=(float)(Tem)*0.02-273.15;
  75   2                 Tem=ReadObjectTemp();         //读取实物温度
  76   2                              //Tem=16000;
  77   2                              objTemp=(float)(Tem)*0.02-273.15;
  78   2                     sprintf ( LCD_linne3, "WD1: %5.1f C", envTemp);
  79   2                              //        adc = CO2_data[2] * 256 + CO2_data[3];
  80   2                      //  adc=986;
  81   2                      sprintf ( LCD_linne4, "WD2: %5.1f C", objTemp);
  82   2              
  83   2                      OLED_ShowString ( 0, 4, LCD_linne3 );
  84   2                      OLED_ShowString ( 0, 6, LCD_linne4 );
  85   2      
  86   2             // WDT_CONTR = 0x3f;
  87   2          }
  88   1      }
*** WARNING C316 IN LINE 88 OF main.c: unterminated conditionals


MODULE INFORMATION:   STATIC OVERLAYABLE
   CODE SIZE        =    346    ----
   CONSTANT SIZE    =   2066    ----
   XDATA SIZE       =    151    ----
   PDATA SIZE       =     80    ----
   DATA SIZE        =   ----    ----
   IDATA SIZE       =     12    ----
   BIT SIZE         =   ----    ----
END OF MODULE INFORMATION.


C51 COMPILATION COMPLETE.  2 WARNING(S),  0 ERROR(S)
